# JRE version: Java(TM) SE Runtime Environment (8.0_181-b13) (build 1.8.0_181-b13)
# Java VM: Java HotSpot(TM) 64-Bit Server VM (25.181-b13 mixed mode windows-amd64 compressed oops)
Heap:
 PSYoungGen      total 145408K, used 81997K [0x00000000d5f80000, 0x00000000e0800000, 0x0000000100000000)
  eden space 129024K, 63% used [0x00000000d5f80000,0x00000000daf93650,0x00000000ddd80000)
  from space 16384K, 0% used [0x00000000ded00000,0x00000000ded00000,0x00000000dfd00000)
  to   space 15872K, 0% used [0x00000000ddd80000,0x00000000ddd80000,0x00000000ded00000)
 ParOldGen       total 129536K, used 25268K [0x0000000081e00000, 0x0000000089c80000, 0x00000000d5f80000)
  object space 129536K, 19% used [0x0000000081e00000,0x00000000836ad2d0,0x0000000089c80000)
 Metaspace       used 62974K, capacity 65772K, committed 65880K, reserved 1105920K
  class space    used 8587K, capacity 9061K, committed 9088K, reserved 1048576K
GC Heap History (10 events):
Event: 6.981 GC heap before
{Heap before GC invocations=11 (full 2):
 PSYoungGen      total 90112K, used 9202K [0x00000000d5f80000, 0x00000000de580000, 0x0000000100000000)
  eden space 80896K, 0% used [0x00000000d5f80000,0x00000000d5f80000,0x00000000dae80000)
  from space 9216K, 99% used [0x00000000dae80000,0x00000000db77c9f8,0x00000000db780000)
  to   space 12800K, 0% used [0x00000000dd900000,0x00000000dd900000,0x00000000de580000)
 ParOldGen       total 57856K, used 11919K [0x0000000081e00000, 0x0000000085680000, 0x00000000d5f80000)
  object space 57856K, 20% used [0x0000000081e00000,0x00000000829a3dc8,0x0000000085680000)
 Metaspace       used 33835K, capacity 35342K, committed 35416K, reserved 1079296K
  class space    used 4385K, capacity 4676K, committed 4736K, reserved 1048576K
Event: 7.108 GC heap after
Heap after GC invocations=11 (full 2):
 PSYoungGen      total 90112K, used 0K [0x00000000d5f80000, 0x00000000de580000, 0x0000000100000000)
  eden space 80896K, 0% used [0x00000000d5f80000,0x00000000d5f80000,0x00000000dae80000)
  from space 9216K, 0% used [0x00000000dae80000,0x00000000dae80000,0x00000000db780000)
  to   space 12800K, 0% used [0x00000000dd900000,0x00000000dd900000,0x00000000de580000)
 ParOldGen       total 98304K, used 18973K [0x0000000081e00000, 0x0000000087e00000, 0x00000000d5f80000)
  object space 98304K, 19% used [0x0000000081e00000,0x00000000830877f0,0x0000000087e00000)
 Metaspace       used 33835K, capacity 35342K, committed 35416K, reserved 1079296K
  class space    used 4385K, capacity 4676K, committed 4736K, reserved 1048576K
}
Event: 8.411 GC heap before
{Heap before GC invocations=12 (full 2):
 PSYoungGen      total 90112K, used 80896K [0x00000000d5f80000, 0x00000000de580000, 0x0000000100000000)
  eden space 80896K, 100% used [0x00000000d5f80000,0x00000000dae80000,0x00000000dae80000)
  from space 9216K, 0% used [0x00000000dae80000,0x00000000dae80000,0x00000000db780000)
  to   space 12800K, 0% used [0x00000000dd900000,0x00000000dd900000,0x00000000de580000)
 ParOldGen       total 98304K, used 18973K [0x0000000081e00000, 0x0000000087e00000, 0x00000000d5f80000)
  object space 98304K, 19% used [0x0000000081e00000,0x00000000830877f0,0x0000000087e00000)
 Metaspace       used 42386K, capacity 44064K, committed 44376K, reserved 1087488K
  class space    used 5648K, capacity 5959K, committed 6016K, reserved 1048576K
Event: 8.422 GC heap after
Heap after GC invocations=12 (full 2):
 PSYoungGen      total 112128K, used 9667K [0x00000000d5f80000, 0x00000000de280000, 0x0000000100000000)
  eden space 102400K, 0% used [0x00000000d5f80000,0x00000000d5f80000,0x00000000dc380000)
  from space 9728K, 99% used [0x00000000dd900000,0x00000000de270c80,0x00000000de280000)
  to   space 13312K, 0% used [0x00000000dc880000,0x00000000dc880000,0x00000000dd580000)
 ParOldGen       total 98304K, used 18981K [0x0000000081e00000, 0x0000000087e00000, 0x00000000d5f80000)
  object space 98304K, 19% used [0x0000000081e00000,0x00000000830897f0,0x0000000087e00000)
 Metaspace       used 42386K, capacity 44064K, committed 44376K, reserved 1087488K
  class space    used 5648K, capacity 5959K, committed 6016K, reserved 1048576K
}
Event: 10.267 GC heap before
{Heap before GC invocations=13 (full 2):
 PSYoungGen      total 112128K, used 112067K [0x00000000d5f80000, 0x00000000de280000, 0x0000000100000000)
  eden space 102400K, 100% used [0x00000000d5f80000,0x00000000dc380000,0x00000000dc380000)
  from space 9728K, 99% used [0x00000000dd900000,0x00000000de270c80,0x00000000de280000)
  to   space 13312K, 0% used [0x00000000dc880000,0x00000000dc880000,0x00000000dd580000)
 ParOldGen       total 98304K, used 18981K [0x0000000081e00000, 0x0000000087e00000, 0x00000000d5f80000)
  object space 98304K, 19% used [0x0000000081e00000,0x00000000830897f0,0x0000000087e00000)
 Metaspace       used 55353K, capacity 57694K, committed 57944K, reserved 1099776K
  class space    used 7608K, capacity 8050K, committed 8064K, reserved 1048576K
Event: 10.289 GC heap after
Heap after GC invocations=13 (full 2):
 PSYoungGen      total 120832K, used 13295K [0x00000000d5f80000, 0x00000000dfd00000, 0x0000000100000000)
  eden space 107520K, 0% used [0x00000000d5f80000,0x00000000d5f80000,0x00000000dc880000)
  from space 13312K, 99% used [0x00000000dc880000,0x00000000dd57bca8,0x00000000dd580000)
  to   space 16384K, 0% used [0x00000000ded00000,0x00000000ded00000,0x00000000dfd00000)
 ParOldGen       total 98304K, used 23328K [0x0000000081e00000, 0x0000000087e00000, 0x00000000d5f80000)
  object space 98304K, 23% used [0x0000000081e00000,0x00000000834c8320,0x0000000087e00000)
 Metaspace       used 55353K, capacity 57694K, committed 57944K, reserved 1099776K
  class space    used 7608K, capacity 8050K, committed 8064K, reserved 1048576K
}
Event: 10.552 GC heap before
{Heap before GC invocations=14 (full 2):
 PSYoungGen      total 120832K, used 37860K [0x00000000d5f80000, 0x00000000dfd00000, 0x0000000100000000)
  eden space 107520K, 22% used [0x00000000d5f80000,0x00000000d777d670,0x00000000dc880000)
  from space 13312K, 99% used [0x00000000dc880000,0x00000000dd57bca8,0x00000000dd580000)
  to   space 16384K, 0% used [0x00000000ded00000,0x00000000ded00000,0x00000000dfd00000)
 ParOldGen       total 98304K, used 23328K [0x0000000081e00000, 0x0000000087e00000, 0x00000000d5f80000)
  object space 98304K, 23% used [0x0000000081e00000,0x00000000834c8320,0x0000000087e00000)
 Metaspace       used 56353K, capacity 58808K, committed 58968K, reserved 1099776K
  class space    used 7745K, capacity 8205K, committed 8320K, reserved 1048576K
Event: 10.563 GC heap after
Heap after GC invocations=14 (full 2):
 PSYoungGen      total 145408K, used 9162K [0x00000000d5f80000, 0x00000000e0800000, 0x0000000100000000)
  eden space 129024K, 0% used [0x00000000d5f80000,0x00000000d5f80000,0x00000000ddd80000)
  from space 16384K, 55% used [0x00000000ded00000,0x00000000df5f2a20,0x00000000dfd00000)
  to   space 15872K, 0% used [0x00000000ddd80000,0x00000000ddd80000,0x00000000ded00000)
 ParOldGen       total 98304K, used 23336K [0x0000000081e00000, 0x0000000087e00000, 0x00000000d5f80000)
  object space 98304K, 23% used [0x0000000081e00000,0x00000000834ca320,0x0000000087e00000)
 Metaspace       used 56353K, capacity 58808K, committed 58968K, reserved 1099776K
  class space    used 7745K, capacity 8205K, committed 8320K, reserved 1048576K
}
Event: 10.564 GC heap before
{Heap before GC invocations=15 (full 3):
 PSYoungGen      total 145408K, used 9162K [0x00000000d5f80000, 0x00000000e0800000, 0x0000000100000000)
  eden space 129024K, 0% used [0x00000000d5f80000,0x00000000d5f80000,0x00000000ddd80000)
  from space 16384K, 55% used [0x00000000ded00000,0x00000000df5f2a20,0x00000000dfd00000)
  to   space 15872K, 0% used [0x00000000ddd80000,0x00000000ddd80000,0x00000000ded00000)
 ParOldGen       total 98304K, used 23336K [0x0000000081e00000, 0x0000000087e00000, 0x00000000d5f80000)
  object space 98304K, 23% used [0x0000000081e00000,0x00000000834ca320,0x0000000087e00000)
 Metaspace       used 56353K, capacity 58808K, committed 58968K, reserved 1099776K
  class space    used 7745K, capacity 8205K, committed 8320K, reserved 1048576K
Event: 10.688 GC heap after
Heap after GC invocations=15 (full 3):
 PSYoungGen      total 145408K, used 0K [0x00000000d5f80000, 0x00000000e0800000, 0x0000000100000000)
  eden space 129024K, 0% used [0x00000000d5f80000,0x00000000d5f80000,0x00000000ddd80000)
  from space 16384K, 0% used [0x00000000ded00000,0x00000000ded00000,0x00000000dfd00000)
  to   space 15872K, 0% used [0x00000000ddd80000,0x00000000ddd80000,0x00000000ded00000)
 ParOldGen       total 129536K, used 25268K [0x0000000081e00000, 0x0000000089c80000, 0x00000000d5f80000)
  object space 129536K, 19% used [0x0000000081e00000,0x00000000836ad2d0,0x0000000089c80000)
 Metaspace       used 56353K, capacity 58808K, committed 58968K, reserved 1099776K
  class space    used 7745K, capacity 8205K, committed 8320K, reserved 1048576K
}

