# JRE version: Java(TM) SE Runtime Environment (8.0_181-b13) (build 1.8.0_181-b13)
# Java VM: Java HotSpot(TM) 64-Bit Server VM (25.181-b13 mixed mode windows-amd64 compressed oops)
Heap:
 PSYoungGen      total 46592K, used 30228K [0x0000000780a00000, 0x0000000784b00000, 0x00000007c0000000)
  eden space 46080K, 65% used [0x0000000780a00000,0x000000078274d148,0x0000000783700000)
  from space 512K, 43% used [0x0000000784a00000,0x0000000784a38000,0x0000000784a80000)
  to   space 512K, 0% used [0x0000000784a80000,0x0000000784a80000,0x0000000784b00000)
 ParOldGen       total 196096K, used 31029K [0x0000000701e00000, 0x000000070dd80000, 0x0000000780a00000)
  object space 196096K, 15% used [0x0000000701e00000,0x0000000703c4d650,0x000000070dd80000)
 Metaspace       used 66373K, capacity 69486K, committed 69784K, reserved 1110016K
  class space    used 8795K, capacity 9313K, committed 9392K, reserved 1048576K
GC Heap History (10 events):
Event: 634.303 GC heap before
{Heap before GC invocations=204 (full 3):
 PSYoungGen      total 46592K, used 46304K [0x0000000780a00000, 0x0000000784b00000, 0x00000007c0000000)
  eden space 46080K, 100% used [0x0000000780a00000,0x0000000783700000,0x0000000783700000)
  from space 512K, 43% used [0x0000000784a80000,0x0000000784ab8000,0x0000000784b00000)
  to   space 512K, 0% used [0x0000000784a00000,0x0000000784a00000,0x0000000784a80000)
 ParOldGen       total 196096K, used 31029K [0x0000000701e00000, 0x000000070dd80000, 0x0000000780a00000)
  object space 196096K, 15% used [0x0000000701e00000,0x0000000703c4d650,0x000000070dd80000)
 Metaspace       used 66371K, capacity 69486K, committed 69784K, reserved 1110016K
  class space    used 8794K, capacity 9313K, committed 9392K, reserved 1048576K
Event: 634.307 GC heap after
Heap after GC invocations=204 (full 3):
 PSYoungGen      total 46592K, used 256K [0x0000000780a00000, 0x0000000784b00000, 0x00000007c0000000)
  eden space 46080K, 0% used [0x0000000780a00000,0x0000000780a00000,0x0000000783700000)
  from space 512K, 50% used [0x0000000784a00000,0x0000000784a40000,0x0000000784a80000)
  to   space 512K, 0% used [0x0000000784a80000,0x0000000784a80000,0x0000000784b00000)
 ParOldGen       total 196096K, used 31029K [0x0000000701e00000, 0x000000070dd80000, 0x0000000780a00000)
  object space 196096K, 15% used [0x0000000701e00000,0x0000000703c4d650,0x000000070dd80000)
 Metaspace       used 66371K, capacity 69486K, committed 69784K, reserved 1110016K
  class space    used 8794K, capacity 9313K, committed 9392K, reserved 1048576K
}
Event: 635.015 GC heap before
{Heap before GC invocations=205 (full 3):
 PSYoungGen      total 46592K, used 46336K [0x0000000780a00000, 0x0000000784b00000, 0x00000007c0000000)
  eden space 46080K, 100% used [0x0000000780a00000,0x0000000783700000,0x0000000783700000)
  from space 512K, 50% used [0x0000000784a00000,0x0000000784a40000,0x0000000784a80000)
  to   space 512K, 0% used [0x0000000784a80000,0x0000000784a80000,0x0000000784b00000)
 ParOldGen       total 196096K, used 31029K [0x0000000701e00000, 0x000000070dd80000, 0x0000000780a00000)
  object space 196096K, 15% used [0x0000000701e00000,0x0000000703c4d650,0x000000070dd80000)
 Metaspace       used 66371K, capacity 69486K, committed 69784K, reserved 1110016K
  class space    used 8794K, capacity 9313K, committed 9392K, reserved 1048576K
Event: 635.020 GC heap after
Heap after GC invocations=205 (full 3):
 PSYoungGen      total 46592K, used 96K [0x0000000780a00000, 0x0000000784b00000, 0x00000007c0000000)
  eden space 46080K, 0% used [0x0000000780a00000,0x0000000780a00000,0x0000000783700000)
  from space 512K, 18% used [0x0000000784a80000,0x0000000784a98000,0x0000000784b00000)
  to   space 512K, 0% used [0x0000000784a00000,0x0000000784a00000,0x0000000784a80000)
 ParOldGen       total 196096K, used 31029K [0x0000000701e00000, 0x000000070dd80000, 0x0000000780a00000)
  object space 196096K, 15% used [0x0000000701e00000,0x0000000703c4d650,0x000000070dd80000)
 Metaspace       used 66371K, capacity 69486K, committed 69784K, reserved 1110016K
  class space    used 8794K, capacity 9313K, committed 9392K, reserved 1048576K
}
Event: 635.631 GC heap before
{Heap before GC invocations=206 (full 3):
 PSYoungGen      total 46592K, used 46176K [0x0000000780a00000, 0x0000000784b00000, 0x00000007c0000000)
  eden space 46080K, 100% used [0x0000000780a00000,0x0000000783700000,0x0000000783700000)
  from space 512K, 18% used [0x0000000784a80000,0x0000000784a98000,0x0000000784b00000)
  to   space 512K, 0% used [0x0000000784a00000,0x0000000784a00000,0x0000000784a80000)
 ParOldGen       total 196096K, used 31029K [0x0000000701e00000, 0x000000070dd80000, 0x0000000780a00000)
  object space 196096K, 15% used [0x0000000701e00000,0x0000000703c4d650,0x000000070dd80000)
 Metaspace       used 66371K, capacity 69486K, committed 69784K, reserved 1110016K
  class space    used 8794K, capacity 9313K, committed 9392K, reserved 1048576K
Event: 635.635 GC heap after
Heap after GC invocations=206 (full 3):
 PSYoungGen      total 46592K, used 128K [0x0000000780a00000, 0x0000000784b00000, 0x00000007c0000000)
  eden space 46080K, 0% used [0x0000000780a00000,0x0000000780a00000,0x0000000783700000)
  from space 512K, 25% used [0x0000000784a00000,0x0000000784a20000,0x0000000784a80000)
  to   space 512K, 0% used [0x0000000784a80000,0x0000000784a80000,0x0000000784b00000)
 ParOldGen       total 196096K, used 31029K [0x0000000701e00000, 0x000000070dd80000, 0x0000000780a00000)
  object space 196096K, 15% used [0x0000000701e00000,0x0000000703c4d650,0x000000070dd80000)
 Metaspace       used 66371K, capacity 69486K, committed 69784K, reserved 1110016K
  class space    used 8794K, capacity 9313K, committed 9392K, reserved 1048576K
}
Event: 636.227 GC heap before
{Heap before GC invocations=207 (full 3):
 PSYoungGen      total 46592K, used 46208K [0x0000000780a00000, 0x0000000784b00000, 0x00000007c0000000)
  eden space 46080K, 100% used [0x0000000780a00000,0x0000000783700000,0x0000000783700000)
  from space 512K, 25% used [0x0000000784a00000,0x0000000784a20000,0x0000000784a80000)
  to   space 512K, 0% used [0x0000000784a80000,0x0000000784a80000,0x0000000784b00000)
 ParOldGen       total 196096K, used 31029K [0x0000000701e00000, 0x000000070dd80000, 0x0000000780a00000)
  object space 196096K, 15% used [0x0000000701e00000,0x0000000703c4d650,0x000000070dd80000)
 Metaspace       used 66371K, capacity 69486K, committed 69784K, reserved 1110016K
  class space    used 8794K, capacity 9313K, committed 9392K, reserved 1048576K
Event: 636.230 GC heap after
Heap after GC invocations=207 (full 3):
 PSYoungGen      total 46592K, used 256K [0x0000000780a00000, 0x0000000784b00000, 0x00000007c0000000)
  eden space 46080K, 0% used [0x0000000780a00000,0x0000000780a00000,0x0000000783700000)
  from space 512K, 50% used [0x0000000784a80000,0x0000000784ac0000,0x0000000784b00000)
  to   space 512K, 0% used [0x0000000784a00000,0x0000000784a00000,0x0000000784a80000)
 ParOldGen       total 196096K, used 31029K [0x0000000701e00000, 0x000000070dd80000, 0x0000000780a00000)
  object space 196096K, 15% used [0x0000000701e00000,0x0000000703c4d650,0x000000070dd80000)
 Metaspace       used 66371K, capacity 69486K, committed 69784K, reserved 1110016K
  class space    used 8794K, capacity 9313K, committed 9392K, reserved 1048576K
}
Event: 636.845 GC heap before
{Heap before GC invocations=208 (full 3):
 PSYoungGen      total 46592K, used 46336K [0x0000000780a00000, 0x0000000784b00000, 0x00000007c0000000)
  eden space 46080K, 100% used [0x0000000780a00000,0x0000000783700000,0x0000000783700000)
  from space 512K, 50% used [0x0000000784a80000,0x0000000784ac0000,0x0000000784b00000)
  to   space 512K, 0% used [0x0000000784a00000,0x0000000784a00000,0x0000000784a80000)
 ParOldGen       total 196096K, used 31029K [0x0000000701e00000, 0x000000070dd80000, 0x0000000780a00000)
  object space 196096K, 15% used [0x0000000701e00000,0x0000000703c4d650,0x000000070dd80000)
 Metaspace       used 66371K, capacity 69486K, committed 69784K, reserved 1110016K
  class space    used 8794K, capacity 9313K, committed 9392K, reserved 1048576K
Event: 636.848 GC heap after
Heap after GC invocations=208 (full 3):
 PSYoungGen      total 46592K, used 224K [0x0000000780a00000, 0x0000000784b00000, 0x00000007c0000000)
  eden space 46080K, 0% used [0x0000000780a00000,0x0000000780a00000,0x0000000783700000)
  from space 512K, 43% used [0x0000000784a00000,0x0000000784a38000,0x0000000784a80000)
  to   space 512K, 0% used [0x0000000784a80000,0x0000000784a80000,0x0000000784b00000)
 ParOldGen       total 196096K, used 31029K [0x0000000701e00000, 0x000000070dd80000, 0x0000000780a00000)
  object space 196096K, 15% used [0x0000000701e00000,0x0000000703c4d650,0x000000070dd80000)
 Metaspace       used 66371K, capacity 69486K, committed 69784K, reserved 1110016K
  class space    used 8794K, capacity 9313K, committed 9392K, reserved 1048576K
}

